app/bin/outputs/logs/manifest-merger-debug-report.txt
-- Merging decision tree log ---
manifest
<<<<<<< HEAD
ADDED from src\main\AndroidManifest.xml:2:1-290:12
=======
ADDED from src\main\AndroidManifest.xml:2:1-288:12
>>>>>>> ljh
	package
		ADDED from src\main\AndroidManifest.xml:4:5-40
		INJECTED from src\main\AndroidManifest.xml
		INJECTED from src\main\AndroidManifest.xml
	android:versionName
		INJECTED from src\main\AndroidManifest.xml
		INJECTED from src\main\AndroidManifest.xml
	xmlns:tools
		ADDED from src\main\AndroidManifest.xml:3:5-51
	xmlns:android
		ADDED from src\main\AndroidManifest.xml:2:11-69
	android:versionCode
		INJECTED from src\main\AndroidManifest.xml
		INJECTED from src\main\AndroidManifest.xml
uses-permission#android.permission.ACCESS_LOCATION_EXTRA_COMMANDS
ADDED from src\main\AndroidManifest.xml:7:5-89
MERGED from [association-android.Libraries:DroidPlugin:unspecified] AndroidManifest.xml:35:5-89
	android:name
		ADDED from src\main\AndroidManifest.xml:7:22-86
uses-permission#android.permission.ACCESS_COARSE_LOCATION
ADDED from src\main\AndroidManifest.xml:9:5-81
MERGED from [association-android:IMKit:unspecified] AndroidManifest.xml:15:5-81
MERGED from [association-android.Libraries:DroidPlugin:unspecified] AndroidManifest.xml:33:5-81
	android:name
		ADDED from src\main\AndroidManifest.xml:9:22-78
uses-permission#android.permission.ACCESS_FINE_LOCATION
ADDED from src\main\AndroidManifest.xml:11:5-79
MERGED from [association-android:IMLib:unspecified] AndroidManifest.xml:21:5-79
MERGED from [association-android.Libraries:DroidPlugin:unspecified] AndroidManifest.xml:34:5-79
	android:name
		ADDED from src\main\AndroidManifest.xml:11:22-76
uses-permission#android.permission.ACCESS_NETWORK_STATE
ADDED from src\main\AndroidManifest.xml:13:5-79
MERGED from [association-android:IMKit:unspecified] AndroidManifest.xml:14:5-79
MERGED from [association-android:IMLib:unspecified] AndroidManifest.xml:13:5-79
MERGED from [association-android.Libraries:DroidPlugin:unspecified] AndroidManifest.xml:36:5-79
	android:name
		ADDED from src\main\AndroidManifest.xml:13:22-76
uses-permission#android.permission.ACCESS_WIFI_STATE
ADDED from src\main\AndroidManifest.xml:15:5-76
MERGED from [association-android:IMKit:unspecified] AndroidManifest.xml:16:5-76
MERGED from [association-android:IMLib:unspecified] AndroidManifest.xml:14:5-76
MERGED from [association-android.Libraries:DroidPlugin:unspecified] AndroidManifest.xml:37:5-76
	android:name
		ADDED from src\main\AndroidManifest.xml:15:22-73
uses-permission#android.permission.CAMERA
ADDED from src\main\AndroidManifest.xml:18:5-65
MERGED from [association-android:libzxing:unspecified] AndroidManifest.xml:11:5-65
MERGED from [association-android:IMKit:unspecified] AndroidManifest.xml:26:5-65
MERGED from [association-android.Libraries:DroidPlugin:unspecified] AndroidManifest.xml:45:5-65
	android:name
		ADDED from src\main\AndroidManifest.xml:18:22-62
uses-permission#android.permission.CHANGE_WIFI_STATE
ADDED from src\main\AndroidManifest.xml:20:5-76
MERGED from [association-android:IMKit:unspecified] AndroidManifest.xml:31:5-76
MERGED from [association-android.Libraries:DroidPlugin:unspecified] AndroidManifest.xml:48:5-76
	android:name
		ADDED from src\main\AndroidManifest.xml:20:22-73
uses-permission#android.permission.CHANGE_NETWORK_STATE
ADDED from src\main\AndroidManifest.xml:22:5-79
MERGED from [association-android.Libraries:DroidPlugin:unspecified] AndroidManifest.xml:46:5-79
	android:name
		ADDED from src\main\AndroidManifest.xml:22:22-76
uses-permission#android.permission.CALL_PHONE
ADDED from src\main\AndroidManifest.xml:24:5-69
MERGED from [association-android.Libraries:DroidPlugin:unspecified] AndroidManifest.xml:44:5-69
	android:name
		ADDED from src\main\AndroidManifest.xml:24:22-66
uses-permission#android.permission.INTERNET
ADDED from src\main\AndroidManifest.xml:27:5-67
MERGED from [association-android:IMKit:unspecified] AndroidManifest.xml:13:5-67
MERGED from [association-android:IMLib:unspecified] AndroidManifest.xml:12:5-67
MERGED from [association-android.Libraries:DroidPlugin:unspecified] AndroidManifest.xml:58:5-67
	android:name
		ADDED from src\main\AndroidManifest.xml:27:22-64
uses-permission#android.permission.INTERACT_ACROSS_USERS_FULL
ADDED from src\main\AndroidManifest.xml:28:5-85
MERGED from [association-android:IMKit:unspecified] AndroidManifest.xml:28:5-85
MERGED from [association-android.Libraries:DroidPlugin:unspecified] AndroidManifest.xml:173:5-85
	android:name
		ADDED from src\main\AndroidManifest.xml:28:22-82
uses-permission#android.permission.KILL_BACKGROUND_PROCESSES
ADDED from src\main\AndroidManifest.xml:29:5-84
MERGED from [association-android.Libraries:DroidPlugin:unspecified] AndroidManifest.xml:59:5-84
	android:name
		ADDED from src\main\AndroidManifest.xml:29:22-81
uses-permission#android.permission.MODIFY_AUDIO_SETTINGS
ADDED from src\main\AndroidManifest.xml:30:5-80
MERGED from [association-android:IMKit:unspecified] AndroidManifest.xml:24:5-80
MERGED from [association-android:IMLib:unspecified] AndroidManifest.xml:19:5-80
MERGED from [association-android.Libraries:DroidPlugin:unspecified] AndroidManifest.xml:61:5-80
	android:name
		ADDED from src\main\AndroidManifest.xml:30:22-77
uses-permission#android.permission.MOUNT_UNMOUNT_FILESYSTEMS
ADDED from src\main\AndroidManifest.xml:31:5-84
MERGED from [association-android.Libraries:DroidPlugin:unspecified] AndroidManifest.xml:161:5-84
	android:name
		ADDED from src\main\AndroidManifest.xml:31:22-81
uses-permission#android.permission.READ_PHONE_STATE
ADDED from src\main\AndroidManifest.xml:34:5-75
MERGED from [association-android:IMKit:unspecified] AndroidManifest.xml:18:5-75
MERGED from [association-android:IMLib:unspecified] AndroidManifest.xml:15:5-75
MERGED from [association-android.Libraries:DroidPlugin:unspecified] AndroidManifest.xml:71:5-75
	android:name
		ADDED from src\main\AndroidManifest.xml:34:22-72
uses-permission#android.permission.READ_SMS
ADDED from src\main\AndroidManifest.xml:36:5-67
MERGED from [association-android.Libraries:DroidPlugin:unspecified] AndroidManifest.xml:73:5-67
	android:name
		ADDED from src\main\AndroidManifest.xml:36:22-64
uses-permission#android.permission.READ_EXTERNAL_STORAGE
ADDED from src\main\AndroidManifest.xml:37:5-80
MERGED from [association-android:IMKit:unspecified] AndroidManifest.xml:11:5-80
MERGED from [association-android.Libraries:DroidPlugin:unspecified] AndroidManifest.xml:69:5-80
	android:name
		ADDED from src\main\AndroidManifest.xml:37:22-77
uses-permission#android.permission.RECEIVE_SMS
ADDED from src\main\AndroidManifest.xml:39:5-70
MERGED from [association-android.Libraries:DroidPlugin:unspecified] AndroidManifest.xml:80:5-70
	android:name
		ADDED from src\main\AndroidManifest.xml:39:22-67
uses-permission#android.permission.RECORD_AUDIO
ADDED from src\main\AndroidManifest.xml:41:5-71
MERGED from [association-android:IMKit:unspecified] AndroidManifest.xml:21:5-71
MERGED from [association-android:IMLib:unspecified] AndroidManifest.xml:16:5-71
MERGED from [association-android.Libraries:DroidPlugin:unspecified] AndroidManifest.xml:82:5-71
	android:name
		ADDED from src\main\AndroidManifest.xml:41:22-68
uses-permission#android.permission.READ_CONTACTS
ADDED from src\main\AndroidManifest.xml:43:5-72
MERGED from [association-android.Libraries:DroidPlugin:unspecified] AndroidManifest.xml:68:5-72
	android:name
		ADDED from src\main\AndroidManifest.xml:43:22-69
uses-permission#android.permission.RECEIVE_BOOT_COMPLETED
ADDED from src\main\AndroidManifest.xml:44:5-81
MERGED from [association-android:IMLib:unspecified] AndroidManifest.xml:22:5-81
MERGED from [association-android.Libraries:DroidPlugin:unspecified] AndroidManifest.xml:78:5-81
	android:name
		ADDED from src\main\AndroidManifest.xml:44:22-78
uses-permission#android.permission.SEND_SMS
ADDED from src\main\AndroidManifest.xml:47:5-67
MERGED from [association-android.Libraries:DroidPlugin:unspecified] AndroidManifest.xml:85:5-67
	android:name
		ADDED from src\main\AndroidManifest.xml:47:22-64
uses-permission#android.permission.WRITE_SMS
ADDED from src\main\AndroidManifest.xml:50:5-68
MERGED from [association-android.Libraries:DroidPlugin:unspecified] AndroidManifest.xml:103:5-68
	android:name
		ADDED from src\main\AndroidManifest.xml:50:22-65
uses-permission#android.permission.WRITE_EXTERNAL_STORAGE
ADDED from src\main\AndroidManifest.xml:52:5-81
MERGED from [association-android:IMKit:unspecified] AndroidManifest.xml:12:5-81
MERGED from [association-android:IMLib:unspecified] AndroidManifest.xml:11:5-81
MERGED from [association-android.Libraries:DroidPlugin:unspecified] AndroidManifest.xml:100:5-81
	android:name
		ADDED from src\main\AndroidManifest.xml:52:22-78
uses-permission#android.permission.WAKE_LOCK
ADDED from src\main\AndroidManifest.xml:54:5-68
MERGED from [association-android:IMKit:unspecified] AndroidManifest.xml:23:5-68
MERGED from [association-android:IMLib:unspecified] AndroidManifest.xml:18:5-68
MERGED from [association-android.Libraries:DroidPlugin:unspecified] AndroidManifest.xml:96:5-68
	android:name
		ADDED from src\main\AndroidManifest.xml:54:22-65
uses-permission#android.permission.WRITE_SETTINGS
ADDED from src\main\AndroidManifest.xml:56:5-73
MERGED from [association-android:IMKit:unspecified] AndroidManifest.xml:27:5-73
MERGED from [association-android.Libraries:DroidPlugin:unspecified] AndroidManifest.xml:102:5-73
	android:name
		ADDED from src\main\AndroidManifest.xml:56:22-70
uses-permission#android.permission.VIBRATE
ADDED from src\main\AndroidManifest.xml:59:5-66
MERGED from [association-android:libzxing:unspecified] AndroidManifest.xml:12:5-66
MERGED from [association-android:IMKit:unspecified] AndroidManifest.xml:25:5-66
MERGED from [association-android:IMLib:unspecified] AndroidManifest.xml:20:5-66
MERGED from [association-android.Libraries:DroidPlugin:unspecified] AndroidManifest.xml:95:5-66
	android:name
		ADDED from src\main\AndroidManifest.xml:59:22-63
application
<<<<<<< HEAD
ADDED from src\main\AndroidManifest.xml:65:5-288:19
MERGED from [association-android:mylibrary:unspecified] AndroidManifest.xml:11:5-15:19
MERGED from [:SMSSDK-2.1.3:] AndroidManifest.xml:11:5-12:19
MERGED from [:SMSSDKGUI-2.1.3:] AndroidManifest.xml:11:5-12:19
MERGED from [association-android:libzxing:unspecified] AndroidManifest.xml:14:5-18:19
MERGED from [association-android:base-diskcache:unspecified] AndroidManifest.xml:11:5-16:19
MERGED from [association-android:IMKit:unspecified] AndroidManifest.xml:33:5-96:19
MERGED from [association-android:IMLib:unspecified] AndroidManifest.xml:24:5-95:19
MERGED from [association-android:RedPacket:unspecified] AndroidManifest.xml:19:5-80:19
MERGED from [association-android.Libraries:DroidPlugin:unspecified] AndroidManifest.xml:180:5-5045:19
MERGED from [com.android.support:design:25.0.0] AndroidManifest.xml:25:5-20
MERGED from [com.android.support:transition:25.0.0] AndroidManifest.xml:22:5-20
MERGED from [com.facebook.stetho:stetho:1.4.2] AndroidManifest.xml:11:5-20
MERGED from [com.yydcdut.sdlv:sdlv:0.5.5] AndroidManifest.xml:12:5-13:19
MERGED from [com.ms-square:expandableTextView:0.1.4] AndroidManifest.xml:9:5-20
MERGED from [com.bm.photoview:library:1.4.1] AndroidManifest.xml:11:5-12:19
MERGED from [com.prolificinteractive:material-calendarview:1.4.2] AndroidManifest.xml:12:5-20
MERGED from [com.liulishuo.filedownloader:library:1.4.2] AndroidManifest.xml:11:5-16:19
MERGED from [com.czp.arcProgressBar:ArcProgressBar:1.0.1] AndroidManifest.xml:11:5-15:19
MERGED from [com.android.support:appcompat-v7:25.0.0] AndroidManifest.xml:25:5-20
MERGED from [com.android.support:animated-vector-drawable:25.0.0] AndroidManifest.xml:22:5-20
MERGED from [com.android.support:support-vector-drawable:25.0.0] AndroidManifest.xml:23:5-20
MERGED from [com.android.support.constraint:constraint-layout:1.0.2] AndroidManifest.xml:9:5-20
MERGED from [com.android.support:support-v4:25.0.0] AndroidManifest.xml:25:5-20
MERGED from [com.android.support:support-fragment:25.0.0] AndroidManifest.xml:25:5-20
MERGED from [com.android.support:support-media-compat:25.0.0] AndroidManifest.xml:25:5-20
MERGED from [com.android.support:support-core-ui:25.0.0] AndroidManifest.xml:25:5-20
MERGED from [com.android.support:support-core-utils:25.0.0] AndroidManifest.xml:25:5-20
MERGED from [com.android.support:support-compat:25.0.0] AndroidManifest.xml:25:5-20
	android:label
		ADDED from src\main\AndroidManifest.xml:69:9-41
	android:supportsRtl
		ADDED from src\main\AndroidManifest.xml:70:9-35
	android:allowBackup
		ADDED from src\main\AndroidManifest.xml:67:9-35
	android:icon
		ADDED from src\main\AndroidManifest.xml:68:9-41
		REJECTED from [association-android:base-diskcache:unspecified] AndroidManifest.xml:13:9-43
	android:theme
		ADDED from src\main\AndroidManifest.xml:71:9-40
		REJECTED from [association-android:base-diskcache:unspecified] AndroidManifest.xml:15:9-40
	tools:replace
		ADDED from src\main\AndroidManifest.xml:72:9-51
	android:name
		ADDED from src\main\AndroidManifest.xml:66:9-28
meta-data#RONG_CLOUD_APP_KEY
ADDED from src\main\AndroidManifest.xml:81:9-83:45
MERGED from [association-android:IMLib:unspecified] AndroidManifest.xml:27:9-29:45
	android:value
		ADDED from src\main\AndroidManifest.xml:83:13-42
	android:name
		ADDED from src\main\AndroidManifest.xml:82:13-46
meta-data#com.amap.api.v2.apikey
ADDED from src\main\AndroidManifest.xml:86:9-88:64
	android:value
		ADDED from src\main\AndroidManifest.xml:88:13-61
	android:name
		ADDED from src\main\AndroidManifest.xml:87:13-50
service#com.amap.api.location.APSService
ADDED from src\main\AndroidManifest.xml:90:9-68
	android:name
		ADDED from src\main\AndroidManifest.xml:90:18-65
activity#com.ike.communityalliance.ui.activity.LogoActivity
ADDED from src\main\AndroidManifest.xml:93:9-99:20
	android:name
		ADDED from src\main\AndroidManifest.xml:93:19-59
intent-filter#android.intent.action.MAIN+android.intent.category.LAUNCHER
ADDED from src\main\AndroidManifest.xml:94:13-98:29
action#android.intent.action.MAIN
ADDED from src\main\AndroidManifest.xml:95:17-69
	android:name
		ADDED from src\main\AndroidManifest.xml:95:25-66
category#android.intent.category.LAUNCHER
ADDED from src\main\AndroidManifest.xml:97:17-77
	android:name
		ADDED from src\main\AndroidManifest.xml:97:27-74
activity#com.ike.communityalliance.ui.MainActivity
ADDED from src\main\AndroidManifest.xml:100:9-102:46
	android:launchMode
		ADDED from src\main\AndroidManifest.xml:102:13-43
	android:name
		ADDED from src\main\AndroidManifest.xml:101:13-44
activity#com.ike.communityalliance.ui.Main2Activity
ADDED from src\main\AndroidManifest.xml:103:9-105:46
	android:launchMode
		ADDED from src\main\AndroidManifest.xml:105:13-43
	android:name
		ADDED from src\main\AndroidManifest.xml:104:13-45
activity#com.ike.communityalliance.ui.activity.RegisterActivity
ADDED from src\main\AndroidManifest.xml:106:9-108:46
	android:launchMode
		ADDED from src\main\AndroidManifest.xml:108:13-43
	android:name
		ADDED from src\main\AndroidManifest.xml:107:13-57
activity#com.ike.communityalliance.ui.activity.ConversationListActivity
ADDED from src\main\AndroidManifest.xml:109:9-125:20
	android:screenOrientation
		ADDED from src\main\AndroidManifest.xml:112:13-49
	android:launchMode
		ADDED from src\main\AndroidManifest.xml:111:13-43
	android:windowSoftInputMode
		ADDED from src\main\AndroidManifest.xml:114:13-67
	android:theme
		ADDED from src\main\AndroidManifest.xml:113:13-55
	android:name
		ADDED from src\main\AndroidManifest.xml:110:13-65
intent-filter#android.intent.action.VIEW+android.intent.category.DEFAULT
ADDED from src\main\AndroidManifest.xml:115:13-124:29
action#android.intent.action.VIEW
ADDED from src\main\AndroidManifest.xml:116:17-69
	android:name
		ADDED from src\main\AndroidManifest.xml:116:25-66
category#android.intent.category.DEFAULT
ADDED from src\main\AndroidManifest.xml:118:17-76
	android:name
		ADDED from src\main\AndroidManifest.xml:118:27-73
data
ADDED from src\main\AndroidManifest.xml:120:17-123:45
	android:host
		ADDED from src\main\AndroidManifest.xml:121:21-61
	android:scheme
		ADDED from src\main\AndroidManifest.xml:123:21-42
	android:pathPrefix
		ADDED from src\main\AndroidManifest.xml:122:21-59
activity#com.ike.communityalliance.ui.activity.AddApplicationActivity
ADDED from src\main\AndroidManifest.xml:126:9-72
	android:name
		ADDED from src\main\AndroidManifest.xml:126:19-69
activity#com.ike.communityalliance.ui.activity.ConversationActivity
ADDED from src\main\AndroidManifest.xml:127:9-142:20
	android:screenOrientation
		ADDED from src\main\AndroidManifest.xml:130:13-49
	android:launchMode
		ADDED from src\main\AndroidManifest.xml:129:13-43
	android:windowSoftInputMode
		ADDED from src\main\AndroidManifest.xml:131:13-67
	android:name
		ADDED from src\main\AndroidManifest.xml:128:13-61
activity#com.ike.communityalliance.ui.activity.NewFriendListActivity
ADDED from src\main\AndroidManifest.xml:143:9-71
	android:name
		ADDED from src\main\AndroidManifest.xml:143:19-68
activity#com.ike.communityalliance.ui.activity.SubConversationListActivtiy
ADDED from src\main\AndroidManifest.xml:144:9-158:20
	android:screenOrientation
		ADDED from src\main\AndroidManifest.xml:146:13-49
	android:windowSoftInputMode
		ADDED from src\main\AndroidManifest.xml:147:13-67
	android:name
		ADDED from src\main\AndroidManifest.xml:145:13-68
activity#com.ike.communityalliance.ui.activity.ShareFriendsActivity
ADDED from src\main\AndroidManifest.xml:159:9-70
	android:name
		ADDED from src\main\AndroidManifest.xml:159:19-67
activity#com.ike.communityalliance.ui.activity.LoadActivity
ADDED from src\main\AndroidManifest.xml:160:9-62
	android:name
		ADDED from src\main\AndroidManifest.xml:160:19-59
activity#com.ike.communityalliance.ui.activity.Login2Activity
ADDED from src\main\AndroidManifest.xml:161:9-163:55
	android:windowSoftInputMode
		ADDED from src\main\AndroidManifest.xml:163:13-52
	android:name
		ADDED from src\main\AndroidManifest.xml:162:13-55
activity#com.ike.communityalliance.ui.activity.InteresitingActivity
ADDED from src\main\AndroidManifest.xml:164:9-70
	android:name
		ADDED from src\main\AndroidManifest.xml:164:19-67
activity#com.ike.communityalliance.ui.activity.PersonalApplayVipActivity
ADDED from src\main\AndroidManifest.xml:165:9-75
	android:name
		ADDED from src\main\AndroidManifest.xml:165:19-72
activity#com.ike.communityalliance.ui.activity.SearchFriendActivity
ADDED from src\main\AndroidManifest.xml:166:9-70
	android:name
		ADDED from src\main\AndroidManifest.xml:166:19-67
activity#com.ike.communityalliance.ui.activity.SelectFriendsActivity
ADDED from src\main\AndroidManifest.xml:167:9-71
	android:name
		ADDED from src\main\AndroidManifest.xml:167:19-68
activity#com.ike.communityalliance.ui.activity.CreateGroupActivity
ADDED from src\main\AndroidManifest.xml:168:9-69
	android:name
		ADDED from src\main\AndroidManifest.xml:168:19-66
activity#com.ike.communityalliance.ui.activity.GroupListActivity
ADDED from src\main\AndroidManifest.xml:169:9-67
	android:name
		ADDED from src\main\AndroidManifest.xml:169:19-64
activity#com.ike.communityalliance.ui.activity.GroupDetailActivity
ADDED from src\main\AndroidManifest.xml:170:9-69
	android:name
		ADDED from src\main\AndroidManifest.xml:170:19-66
activity#com.ike.communityalliance.ui.activity.PrivateChatDetailActivity
ADDED from src\main\AndroidManifest.xml:171:9-75
	android:name
		ADDED from src\main\AndroidManifest.xml:171:19-72
activity#com.ike.communityalliance.ui.activity.SignPickerActivity
ADDED from src\main\AndroidManifest.xml:172:9-68
	android:name
		ADDED from src\main\AndroidManifest.xml:172:19-65
activity#com.ike.communityalliance.ui.activity.MineCardActivity
ADDED from src\main\AndroidManifest.xml:173:9-66
	android:name
		ADDED from src\main\AndroidManifest.xml:173:19-63
activity#com.ike.communityalliance.ui.activity.RecomendCardActivity
ADDED from src\main\AndroidManifest.xml:174:9-70
	android:name
		ADDED from src\main\AndroidManifest.xml:174:19-67
activity#com.ike.communityalliance.ui.activity.RecommendActivity
ADDED from src\main\AndroidManifest.xml:175:9-67
	android:name
		ADDED from src\main\AndroidManifest.xml:175:19-64
activity#com.ike.communityalliance.ui.activity.RelationMapActivity
ADDED from src\main\AndroidManifest.xml:176:9-69
	android:name
		ADDED from src\main\AndroidManifest.xml:176:19-66
activity#com.ike.communityalliance.ui.activity.RelationShipActivity
ADDED from src\main\AndroidManifest.xml:177:9-70
	android:name
		ADDED from src\main\AndroidManifest.xml:177:19-67
=======
ADDED from src\main\AndroidManifest.xml:65:5-286:19
MERGED from [association-android:mylibrary:unspecified] AndroidManifest.xml:11:5-15:19
MERGED from [:SMSSDK-2.1.3:] AndroidManifest.xml:11:5-12:19
MERGED from [:SMSSDKGUI-2.1.3:] AndroidManifest.xml:11:5-12:19
MERGED from [association-android:libzxing:unspecified] AndroidManifest.xml:14:5-18:19
MERGED from [association-android:base-diskcache:unspecified] AndroidManifest.xml:11:5-16:19
MERGED from [association-android:IMKit:unspecified] AndroidManifest.xml:33:5-96:19
MERGED from [association-android:IMLib:unspecified] AndroidManifest.xml:24:5-95:19
MERGED from [association-android:RedPacket:unspecified] AndroidManifest.xml:19:5-80:19
MERGED from [association-android.Libraries:DroidPlugin:unspecified] AndroidManifest.xml:180:5-5045:19
MERGED from [com.android.support:design:25.0.0] AndroidManifest.xml:25:5-20
MERGED from [com.android.support:transition:25.0.0] AndroidManifest.xml:22:5-20
MERGED from [com.facebook.stetho:stetho:1.4.2] AndroidManifest.xml:11:5-20
MERGED from [com.yydcdut.sdlv:sdlv:0.5.5] AndroidManifest.xml:12:5-13:19
MERGED from [com.ms-square:expandableTextView:0.1.4] AndroidManifest.xml:9:5-20
MERGED from [com.bm.photoview:library:1.4.1] AndroidManifest.xml:11:5-12:19
MERGED from [com.prolificinteractive:material-calendarview:1.4.2] AndroidManifest.xml:12:5-20
MERGED from [com.liulishuo.filedownloader:library:1.4.2] AndroidManifest.xml:11:5-16:19
MERGED from [com.czp.arcProgressBar:ArcProgressBar:1.0.1] AndroidManifest.xml:11:5-15:19
MERGED from [com.android.support:appcompat-v7:25.0.0] AndroidManifest.xml:25:5-20
MERGED from [com.android.support:animated-vector-drawable:25.0.0] AndroidManifest.xml:22:5-20
MERGED from [com.android.support:support-vector-drawable:25.0.0] AndroidManifest.xml:23:5-20
MERGED from [com.android.support.constraint:constraint-layout:1.0.0-alpha8] AndroidManifest.xml:9:5-20
MERGED from [com.android.support:support-v4:25.0.0] AndroidManifest.xml:25:5-20
MERGED from [com.android.support:support-fragment:25.0.0] AndroidManifest.xml:25:5-20
MERGED from [com.android.support:support-media-compat:25.0.0] AndroidManifest.xml:25:5-20
MERGED from [com.android.support:support-core-ui:25.0.0] AndroidManifest.xml:25:5-20
MERGED from [com.android.support:support-core-utils:25.0.0] AndroidManifest.xml:25:5-20
MERGED from [com.android.support:support-compat:25.0.0] AndroidManifest.xml:25:5-20
	android:label
		ADDED from src\main\AndroidManifest.xml:69:9-41
	android:supportsRtl
		ADDED from src\main\AndroidManifest.xml:70:9-35
	android:allowBackup
		ADDED from src\main\AndroidManifest.xml:67:9-35
	android:icon
		ADDED from src\main\AndroidManifest.xml:68:9-41
		REJECTED from [association-android:base-diskcache:unspecified] AndroidManifest.xml:13:9-43
	android:theme
		ADDED from src\main\AndroidManifest.xml:71:9-40
		REJECTED from [association-android:base-diskcache:unspecified] AndroidManifest.xml:15:9-40
	tools:replace
		ADDED from src\main\AndroidManifest.xml:72:9-51
	android:name
		ADDED from src\main\AndroidManifest.xml:66:9-28
meta-data#RONG_CLOUD_APP_KEY
ADDED from src\main\AndroidManifest.xml:74:13-76:45
MERGED from [association-android:IMLib:unspecified] AndroidManifest.xml:27:9-29:45
	android:value
		ADDED from src\main\AndroidManifest.xml:76:13-42
	android:name
		ADDED from src\main\AndroidManifest.xml:75:13-46
meta-data#com.amap.api.v2.apikey
ADDED from src\main\AndroidManifest.xml:83:9-85:64
	android:value
		ADDED from src\main\AndroidManifest.xml:85:13-61
	android:name
		ADDED from src\main\AndroidManifest.xml:84:13-50
service#com.amap.api.location.APSService
ADDED from src\main\AndroidManifest.xml:87:9-68
	android:name
		ADDED from src\main\AndroidManifest.xml:87:18-65
activity#com.ike.communityalliance.ui.activity.LogoActivity
ADDED from src\main\AndroidManifest.xml:90:9-96:20
	android:name
		ADDED from src\main\AndroidManifest.xml:90:19-59
intent-filter#android.intent.action.MAIN+android.intent.category.LAUNCHER
ADDED from src\main\AndroidManifest.xml:91:13-95:29
action#android.intent.action.MAIN
ADDED from src\main\AndroidManifest.xml:92:17-69
	android:name
		ADDED from src\main\AndroidManifest.xml:92:25-66
category#android.intent.category.LAUNCHER
ADDED from src\main\AndroidManifest.xml:94:17-77
	android:name
		ADDED from src\main\AndroidManifest.xml:94:27-74
activity#com.ike.communityalliance.ui.MainActivity
ADDED from src\main\AndroidManifest.xml:97:9-99:46
	android:launchMode
		ADDED from src\main\AndroidManifest.xml:99:13-43
	android:name
		ADDED from src\main\AndroidManifest.xml:98:13-44
activity#com.ike.communityalliance.ui.Main2Activity
ADDED from src\main\AndroidManifest.xml:100:9-102:46
	android:launchMode
		ADDED from src\main\AndroidManifest.xml:102:13-43
	android:name
		ADDED from src\main\AndroidManifest.xml:101:13-45
activity#com.ike.communityalliance.ui.activity.RegisterActivity
ADDED from src\main\AndroidManifest.xml:103:9-105:46
	android:launchMode
		ADDED from src\main\AndroidManifest.xml:105:13-43
	android:name
		ADDED from src\main\AndroidManifest.xml:104:13-57
activity#com.ike.communityalliance.ui.activity.ConversationListActivity
ADDED from src\main\AndroidManifest.xml:106:9-122:20
	android:screenOrientation
		ADDED from src\main\AndroidManifest.xml:109:13-49
	android:launchMode
		ADDED from src\main\AndroidManifest.xml:108:13-43
	android:windowSoftInputMode
		ADDED from src\main\AndroidManifest.xml:111:13-67
	android:theme
		ADDED from src\main\AndroidManifest.xml:110:13-55
	android:name
		ADDED from src\main\AndroidManifest.xml:107:13-65
intent-filter#android.intent.action.VIEW+android.intent.category.DEFAULT
ADDED from src\main\AndroidManifest.xml:112:13-121:29
action#android.intent.action.VIEW
ADDED from src\main\AndroidManifest.xml:113:17-69
	android:name
		ADDED from src\main\AndroidManifest.xml:113:25-66
category#android.intent.category.DEFAULT
ADDED from src\main\AndroidManifest.xml:115:17-76
	android:name
		ADDED from src\main\AndroidManifest.xml:115:27-73
data
ADDED from src\main\AndroidManifest.xml:117:17-120:45
	android:host
		ADDED from src\main\AndroidManifest.xml:118:21-61
	android:scheme
		ADDED from src\main\AndroidManifest.xml:120:21-42
	android:pathPrefix
		ADDED from src\main\AndroidManifest.xml:119:21-59
activity#com.ike.communityalliance.ui.activity.AddApplicationActivity
ADDED from src\main\AndroidManifest.xml:123:9-72
	android:name
		ADDED from src\main\AndroidManifest.xml:123:19-69
activity#com.ike.communityalliance.ui.activity.ConversationActivity
ADDED from src\main\AndroidManifest.xml:124:9-139:20
	android:screenOrientation
		ADDED from src\main\AndroidManifest.xml:127:13-49
	android:launchMode
		ADDED from src\main\AndroidManifest.xml:126:13-43
	android:windowSoftInputMode
		ADDED from src\main\AndroidManifest.xml:128:13-67
	android:name
		ADDED from src\main\AndroidManifest.xml:125:13-61
activity#com.ike.communityalliance.ui.activity.NewFriendListActivity
ADDED from src\main\AndroidManifest.xml:140:9-71
	android:name
		ADDED from src\main\AndroidManifest.xml:140:19-68
activity#com.ike.communityalliance.ui.activity.SubConversationListActivtiy
ADDED from src\main\AndroidManifest.xml:141:9-155:20
	android:screenOrientation
		ADDED from src\main\AndroidManifest.xml:143:13-49
	android:windowSoftInputMode
		ADDED from src\main\AndroidManifest.xml:144:13-67
	android:name
		ADDED from src\main\AndroidManifest.xml:142:13-68
activity#com.ike.communityalliance.ui.activity.ShareFriendsActivity
ADDED from src\main\AndroidManifest.xml:156:9-70
	android:name
		ADDED from src\main\AndroidManifest.xml:156:19-67
activity#com.ike.communityalliance.ui.activity.LoadActivity
ADDED from src\main\AndroidManifest.xml:157:9-62
	android:name
		ADDED from src\main\AndroidManifest.xml:157:19-59
activity#com.ike.communityalliance.ui.activity.Login2Activity
ADDED from src\main\AndroidManifest.xml:158:9-160:55
	android:windowSoftInputMode
		ADDED from src\main\AndroidManifest.xml:160:13-52
	android:name
		ADDED from src\main\AndroidManifest.xml:159:13-55
activity#com.ike.communityalliance.ui.activity.InteresitingActivity
ADDED from src\main\AndroidManifest.xml:161:9-70
	android:name
		ADDED from src\main\AndroidManifest.xml:161:19-67
activity#com.ike.communityalliance.ui.activity.PersonalApplayVipActivity
ADDED from src\main\AndroidManifest.xml:162:9-75
	android:name
		ADDED from src\main\AndroidManifest.xml:162:19-72
activity#com.ike.communityalliance.ui.activity.SearchFriendActivity
ADDED from src\main\AndroidManifest.xml:163:9-70
	android:name
		ADDED from src\main\AndroidManifest.xml:163:19-67
activity#com.ike.communityalliance.ui.activity.SelectFriendsActivity
ADDED from src\main\AndroidManifest.xml:164:9-71
	android:name
		ADDED from src\main\AndroidManifest.xml:164:19-68
activity#com.ike.communityalliance.ui.activity.CreateGroupActivity
ADDED from src\main\AndroidManifest.xml:165:9-69
	android:name
		ADDED from src\main\AndroidManifest.xml:165:19-66
activity#com.ike.communityalliance.ui.activity.GroupListActivity
ADDED from src\main\AndroidManifest.xml:166:9-67
	android:name
		ADDED from src\main\AndroidManifest.xml:166:19-64
activity#com.ike.communityalliance.ui.activity.GroupDetailActivity
ADDED from src\main\AndroidManifest.xml:167:9-69
	android:name
		ADDED from src\main\AndroidManifest.xml:167:19-66
activity#com.ike.communityalliance.ui.activity.PrivateChatDetailActivity